{
  "RSpec": {
    "coverage": {
      "/home/emiolo/Dev/marco/taskproject/spec/models/project/macro_task_spec.rb": [
        1,
        null,
        1,
        1,
        1,
        null,
        null,
        2,
        2,
        2,
        null
      ],
      "/home/emiolo/Dev/marco/taskproject/spec/rails_helper.rb": [
        null,
        1,
        1,
        null,
        1,
        1,
        1,
        null,
        null,
        null,
        null,
        null,
        null,
        null,
        null,
        null,
        null,
        null,
        null,
        null,
        null,
        null,
        5,
        null,
        null,
        null,
        1,
        null,
        1,
        null,
        null,
        null,
        null,
        null,
        null,
        1,
        null,
        null,
        null,
        null,
        null,
        null,
        null,
        null,
        null,
        null,
        null,
        null,
        null,
        null,
        1,
        null,
        null,
        1,
        null,
        null,
        null
      ],
      "/home/emiolo/Dev/marco/taskproject/config/environment.rb": [
        null,
        1,
        null,
        null,
        1
      ],
      "/home/emiolo/Dev/marco/taskproject/config/application.rb": [
        1,
        null,
        1,
        null,
        1,
        1,
        1,
        1,
        1,
        1,
        1,
        null,
        null,
        null,
        null,
        null,
        1,
        null,
        1,
        1,
        null,
        null,
        null,
        null,
        null,
        null,
        null,
        1,
        null,
        1,
        null,
        1,
        1,
        null,
        null,
        null,
        null,
        null,
        null,
        1,
        1,
        1,
        1,
        1,
        null,
        null,
        null
      ],
      "/home/emiolo/Dev/marco/taskproject/config/boot.rb": [
        1,
        null,
        1
      ],
      "/home/emiolo/Dev/marco/taskproject/config/spring.rb": [
        null,
        null,
        null,
        null,
        null,
        5
      ],
      "/home/emiolo/Dev/marco/taskproject/config/environments/test.rb": [
        1,
        null,
        null,
        null,
        null,
        null,
        null,
        1,
        null,
        null,
        null,
        null,
        1,
        null,
        null,
        1,
        1,
        null,
        null,
        null,
        null,
        1,
        1,
        null,
        null,
        1,
        null,
        null,
        1,
        1,
        null,
        null,
        null,
        null,
        1,
        null,
        null,
        1,
        null,
        null,
        null,
        null
      ],
      "/home/emiolo/Dev/marco/taskproject/config/initializers/application_controller_renderer.rb": [
        null,
        null,
        null,
        null,
        null,
        null
      ],
      "/home/emiolo/Dev/marco/taskproject/config/initializers/backtrace_silencers.rb": [
        null,
        null,
        null,
        null,
        null,
        null,
        null
      ],
      "/home/emiolo/Dev/marco/taskproject/config/initializers/cors.rb": [
        null,
        null,
        null,
        null,
        null,
        null,
        null,
        null,
        null,
        null,
        null,
        null,
        null,
        null,
        null,
        null
      ],
      "/home/emiolo/Dev/marco/taskproject/config/initializers/enumerate_it.rb": [
        1
      ],
      "/home/emiolo/Dev/marco/taskproject/config/initializers/filter_parameter_logging.rb": [
        null,
        null,
        null,
        1
      ],
      "/home/emiolo/Dev/marco/taskproject/config/initializers/inflections.rb": [
        null,
        null,
        null,
        null,
        null,
        null,
        null,
        null,
        null,
        null,
        null,
        null,
        null,
        null,
        null,
        null
      ],
      "/home/emiolo/Dev/marco/taskproject/config/initializers/mime_types.rb": [
        null,
        null,
        null,
        null
      ],
      "/home/emiolo/Dev/marco/taskproject/config/initializers/new_framework_defaults.rb": [
        null,
        null,
        null,
        null,
        null,
        null,
        null,
        null,
        1,
        null,
        null,
        1,
        null,
        null,
        1,
        null,
        null,
        1
      ],
      "/home/emiolo/Dev/marco/taskproject/config/initializers/wrap_parameters.rb": [
        null,
        null,
        null,
        null,
        null,
        null,
        1,
        1,
        null,
        null,
        null,
        null,
        null,
        null
      ],
      "/home/emiolo/Dev/marco/taskproject/spec/factories.rb": [
        1,
        1,
        2,
        2,
        1,
        1,
        null,
        null,
        1,
        6,
        2,
        1,
        1,
        1,
        null,
        null,
        1,
        2,
        2,
        1,
        null,
        null,
        1,
        2,
        2,
        1,
        1,
        null,
        null
      ],
      "/home/emiolo/Dev/marco/taskproject/app/models/project.rb": [
        1,
        null,
        1,
        null,
        null,
        1,
        null
      ],
      "/home/emiolo/Dev/marco/taskproject/app/models/application_record.rb": [
        1,
        1,
        null
      ],
      "/home/emiolo/Dev/marco/taskproject/app/models/project/macro_task.rb": [
        1,
        null,
        1,
        1,
        1,
        null,
        null,
        1,
        null
      ],
      "/home/emiolo/Dev/marco/taskproject/app/models/project/micro_task.rb": [
        1,
        null,
        1,
        null,
        null,
        1,
        1,
        null,
        null,
        1,
        null
      ],
      "/home/emiolo/Dev/marco/taskproject/app/enumerations/level.rb": [
        1,
        1,
        null
      ],
      "/home/emiolo/Dev/marco/taskproject/config/routes.rb": [
        1,
        null,
        null
      ],
      "/home/emiolo/Dev/marco/taskproject/spec/support/database_cleaner.rb": [
        1,
        1,
        1,
        null,
        null,
        1,
        26,
        null,
        null,
        1,
        0,
        null,
        null,
        1,
        26,
        null,
        null,
        1,
        26,
        null,
        null
      ],
      "/home/emiolo/Dev/marco/taskproject/spec/support/shoulda_matchers.rb": [
        1,
        1,
        1,
        null,
        null,
        null,
        null,
        null,
        1,
        null,
        null
      ],
      "/home/emiolo/Dev/marco/taskproject/spec/support/factory_girl.rb": [
        1,
        1,
        null
      ],
      "/home/emiolo/Dev/marco/taskproject/spec/support/request_helpers.rb": [
        1,
        1,
        1,
        0,
        null,
        null,
        null
      ],
      "/home/emiolo/Dev/marco/taskproject/spec/models/project/micro_task_spec.rb": [
        1,
        null,
        1,
        1,
        1,
        null,
        null,
        2,
        2,
        1,
        1,
        null,
        null,
        null,
        2,
        null,
        1,
        1,
        1,
        1,
        5,
        5,
        null,
        null,
        null
      ],
      "/home/emiolo/Dev/marco/taskproject/spec/models/project_spec.rb": [
        1,
        null,
        1,
        1,
        1,
        null,
        null,
        2,
        2,
        2,
        null
      ],
      "/home/emiolo/Dev/marco/taskproject/spec/models/worker_spec.rb": [
        1,
        null,
        1,
        1,
        1,
        null,
        null,
        2,
        2,
        2,
        2,
        2,
        2,
        2,
        2,
        2,
        null,
        1,
        1,
        4,
        null,
        null,
        null,
        1,
        1,
        1,
        1,
        2,
        2,
        null,
        null,
        null
      ],
      "/home/emiolo/Dev/marco/taskproject/app/models/worker.rb": [
        1,
        null,
        1,
        null,
        null,
        1,
        1,
        1,
        1,
        1,
        null,
        null,
        1,
        null
      ],
      "/home/emiolo/Dev/marco/taskproject/app/enumerations/status.rb": [
        1,
        1,
        null
      ],
      "/home/emiolo/Dev/marco/taskproject/spec/models/worker_token_spec.rb": [
        1,
        null,
        1,
        1,
        null
      ],
      "/home/emiolo/Dev/marco/taskproject/app/models/worker_token.rb": [
        1,
        1,
        null
      ]
    },
    "timestamp": 1469639390
  }
}
